

Microchip MPLAB XC8 Assembler V2.31 build 20201012212115 
                                                                                               Sat Feb 27 14:04:34 2021

Microchip MPLAB XC8 C Compiler v2.31 (Free license) build 20201012212115 Og1 
     1                           	processor	18F67K40
     2                           	fnconf	rparam,??,?,0
     3                           	pagewidth 120
     4                           	opt	flic
     5                           	psect	idataCOMRAM,global,class=CODE,delta=1,noexec
     6                           	psect	smallconst,global,reloc=2,class=SMALLCONST,delta=1,noexec
     7                           	psect	cinit,global,reloc=2,class=CODE,delta=1
     8                           	psect	bssCOMRAM,global,class=COMRAM,space=1,delta=1,lowdata,noexec
     9                           	psect	dataCOMRAM,global,class=COMRAM,space=1,delta=1,lowdata,noexec
    10                           	psect	bssBANK0,global,class=BANK0,space=1,delta=1,lowdata,noexec
    11                           	psect	cstackCOMRAM,global,class=COMRAM,space=1,delta=1,lowdata,noexec
    12                           	psect	text0,global,reloc=2,class=CODE,delta=1
    13                           	psect	text1,global,reloc=2,class=CODE,delta=1
    14                           	psect	text2,global,reloc=2,class=CODE,delta=1
    15                           	psect	text3,global,reloc=2,class=CODE,delta=1
    16                           	psect	text4,global,reloc=2,class=CODE,delta=1
    17                           	psect	text5,global,reloc=2,class=CODE,delta=1
    18                           	psect	text6,global,reloc=2,class=CODE,delta=1
    19                           	psect	text7,global,reloc=2,class=CODE,delta=1
    20                           	psect	text8,global,reloc=2,class=CODE,delta=1
    21                           	psect	intsave_regs,global,class=BIGRAM,space=1,delta=1,noexec
    22                           	psect	rparam,global,class=COMRAM,space=1,delta=1,noexec
    23                           	psect	idloc,global,abs,ovrld,class=IDLOC,space=5,delta=1,noexec
    24                           	psect	config,global,abs,ovrld,class=CONFIG,space=4,delta=1,noexec
    25  0000                     
    26                           ; Version 2.20
    27                           ; Generated 05/05/2020 GMT
    28                           ; 
    29                           ; Copyright © 2020, Microchip Technology Inc. and its subsidiaries ("Microchip")
    30                           ; All rights reserved.
    31                           ; 
    32                           ; This software is developed by Microchip Technology Inc. and its subsidiaries ("Microch
      +                          ip").
    33                           ; 
    34                           ; Redistribution and use in source and binary forms, with or without modification, are
    35                           ; permitted provided that the following conditions are met:
    36                           ; 
    37                           ;     1. Redistributions of source code must retain the above copyright notice, this lis
      +                          t of
    38                           ;        conditions and the following disclaimer.
    39                           ; 
    40                           ;     2. Redistributions in binary form must reproduce the above copyright notice, this 
      +                          list
    41                           ;        of conditions and the following disclaimer in the documentation and/or other
    42                           ;        materials provided with the distribution.
    43                           ; 
    44                           ;     3. Microchip's name may not be used to endorse or promote products derived from th
      +                          is
    45                           ;        software without specific prior written permission.
    46                           ; 
    47                           ; THIS SOFTWARE IS PROVIDED BY MICROCHIP "AS IS" AND ANY EXPRESS OR IMPLIED WARRANTIES,
    48                           ; INCLUDING, BUT NOT LIMITED TO, THE IMPLIED WARRANTIES OF MERCHANTABILITY AND FITNESS F
      +                          OR
    49                           ; PURPOSE ARE DISCLAIMED.  IN NO EVENT SHALL MICROCHIP BE LIABLE FOR ANY DIRECT, INDIREC
      +                          T,
    50                           ; INCIDENTAL, SPECIAL, EXEMPLARY, OR CONSEQUENTIAL DAMAGES (INCLUDING BUT NOT LIMITED TO
    51                           ; PROCUREMENT OF SUBSTITUTE GOODS OR SERVICES; LOSS OF USE, DATA OR PROFITS; OR BUSINESS
    52                           ; INTERRUPTION) HOWSOEVER CAUSED AND ON ANY THEORY OF LIABILITY, WHETHER IN CONTRACT, ST
      +                          RICT
    53                           ; LIABILITY, OR TORT (INCLUDING NEGLIGENCE OR OTHERWISE) ARISING IN ANY WAY OUT OF THE U
      +                          SE OF
    54                           ; THIS SOFTWARE, EVEN IF ADVISED OF THE POSSIBILITY OF SUCH DAMAGE.
    55                           ; 
    56                           ; 
    57                           ; Code-generator required, PIC18F67K40 Definitions
    58                           ; 
    59                           ; SFR Addresses
    60  0000                     
    61                           	psect	idataCOMRAM
    62  000FF2                     __pidataCOMRAM:
    63                           	callstack 0
    64                           
    65                           ;initializer for _old_tz_size
    66  000FF2  0020               	dw	32
    67                           
    68                           ;initializer for _old_tz
    69  000FF4  60                 	db	low _old_tz_buf
    70  000FF5  00                 	db	high _old_tz_buf
    71                           
    72                           	psect	smallconst
    73  000E00                     __psmallconst:
    74                           	callstack 0
    75  000E00  00                 	db	0
    76  000E01                     ___month_to_secs@secs_through_month:
    77                           	callstack 0
    78  000E01  0000               	dw	0
    79  000E03  0000               	dw	0
    80  000E05  DE80               	dw	56960
    81  000E07  0028               	dw	40
    82  000E09  C880               	dw	51328
    83  000E0B  004D               	dw	77
    84  000E0D  A700               	dw	42752
    85  000E0F  0076               	dw	118
    86  000E11  3400               	dw	13312
    87  000E13  009E               	dw	158
    88  000E15  1280               	dw	4736
    89  000E17  00C7               	dw	199
    90  000E19  9F80               	dw	40832
    91  000E1B  00EE               	dw	238
    92  000E1D  7E00               	dw	32256
    93  000E1F  0117               	dw	279
    94  000E21  5C80               	dw	23680
    95  000E23  0140               	dw	320
    96  000E25  E980               	dw	59776
    97  000E27  0167               	dw	359
    98  000E29  C800               	dw	51200
    99  000E2B  0190               	dw	400
   100  000E2D  5500               	dw	21760
   101  000E2F  01B8               	dw	440
   102  000E31                     __end_of___month_to_secs@secs_through_month:
   103                           	callstack 0
   104  000E31                     ___secs_to_tm@days_in_month:
   105                           	callstack 0
   106  000E31  1F                 	db	31
   107  000E32  1E                 	db	30
   108  000E33  1F                 	db	31
   109  000E34  1E                 	db	30
   110  000E35  1F                 	db	31
   111  000E36  1F                 	db	31
   112  000E37  1E                 	db	30
   113  000E38  1F                 	db	31
   114  000E39  1E                 	db	30
   115  000E3A  1F                 	db	31
   116  000E3B  1F                 	db	31
   117  000E3C  1D                 	db	29
   118  000E3D                     __end_of___secs_to_tm@days_in_month:
   119                           	callstack 0
   120  000E3D                     ___gmt:
   121                           	callstack 0
   122  000E3D  47                 	db	71
   123  000E3E  4D                 	db	77
   124  000E3F  54                 	db	84
   125  000E40  00                 	db	0
   126  000E41                     __end_of___gmt:
   127                           	callstack 0
   128  0000                     _T0CKIPPS	set	3572
   129  0000                     _PIR0bits	set	3635
   130  0000                     _INLVLH	set	3773
   131  0000                     _INLVLG	set	3768
   132  0000                     _INLVLF	set	3760
   133  0000                     _INLVLE	set	3755
   134  0000                     _INLVLD	set	3747
   135  0000                     _INLVLC	set	3742
   136  0000                     _INLVLB	set	3734
   137  0000                     _INLVLA	set	3726
   138  0000                     _SLRCONH	set	3774
   139  0000                     _SLRCONG	set	3769
   140  0000                     _SLRCONF	set	3761
   141  0000                     _SLRCONE	set	3756
   142  0000                     _SLRCOND	set	3748
   143  0000                     _SLRCONC	set	3743
   144  0000                     _SLRCONB	set	3735
   145  0000                     _SLRCONA	set	3727
   146  0000                     _ODCOND	set	3749
   147  0000                     _ODCONC	set	3744
   148  0000                     _ODCONH	set	3775
   149  0000                     _ODCONB	set	3736
   150  0000                     _ODCONG	set	3770
   151  0000                     _ODCONA	set	3728
   152  0000                     _ODCONF	set	3762
   153  0000                     _ODCONE	set	3757
   154  0000                     _WPUH	set	3776
   155  0000                     _WPUC	set	3745
   156  0000                     _WPUA	set	3729
   157  0000                     _WPUG	set	3771
   158  0000                     _WPUB	set	3737
   159  0000                     _WPUE	set	3758
   160  0000                     _WPUF	set	3763
   161  0000                     _WPUD	set	3750
   162  0000                     _ANSELA	set	3730
   163  0000                     _ANSELF	set	3764
   164  0000                     _ANSELG	set	3772
   165  0000                     _ANSELE	set	3759
   166  0000                     _ANSELB	set	3738
   167  0000                     _ANSELD	set	3751
   168  0000                     _PMD5	set	3665
   169  0000                     _PMD4	set	3664
   170  0000                     _PMD3	set	3663
   171  0000                     _PMD2	set	3662
   172  0000                     _PMD1	set	3661
   173  0000                     _PMD0	set	3660
   174  0000                     _OSCTUNE	set	3656
   175  0000                     _OSCFRQ	set	3657
   176  0000                     _OSCEN	set	3655
   177  0000                     _OSCCON3	set	3653
   178  0000                     _OSCCON1	set	3651
   179  0000                     _T0CON0bits	set	4053
   180  0000                     _T0CON0	set	4053
   181  0000                     _TMR0L	set	4051
   182  0000                     _TMR0H	set	4052
   183  0000                     _T0CON1	set	4054
   184  0000                     _LATDbits	set	3964
   185  0000                     _TRISD	set	3972
   186  0000                     _TRISC	set	3971
   187  0000                     _TRISH	set	3976
   188  0000                     _TRISB	set	3970
   189  0000                     _TRISG	set	3975
   190  0000                     _TRISA	set	3969
   191  0000                     _TRISF	set	3974
   192  0000                     _TRISE	set	3973
   193  0000                     _LATH	set	3968
   194  0000                     _LATC	set	3963
   195  0000                     _LATG	set	3967
   196  0000                     _LATB	set	3962
   197  0000                     _LATF	set	3966
   198  0000                     _LATA	set	3961
   199  0000                     _LATD	set	3964
   200  0000                     _LATE	set	3965
   201  000E41                     
   202                           ; BSR set to: 14
   203  000E41  00                 	db	0
   204  000E42  00                 	db	0	; dummy byte at the end
   205  0000                     
   206                           ; #config settings
   207                           
   208                           	psect	cinit
   209  000F42                     __pcinit:
   210                           	callstack 0
   211  000F42                     start_initialization:
   212                           	callstack 0
   213  000F42                     __initialization:
   214                           	callstack 0
   215                           
   216                           ; Initialize objects allocated to COMRAM (4 bytes)
   217                           ; load TBLPTR registers with __pidataCOMRAM
   218  000F42  0EF2               	movlw	low __pidataCOMRAM
   219  000F44  6EF6               	movwf	tblptrl,c
   220  000F46  0E0F               	movlw	high __pidataCOMRAM
   221  000F48  6EF7               	movwf	tblptrh,c
   222  000F4A  0E00               	movlw	low (__pidataCOMRAM shr (0+16))
   223  000F4C  6EF8               	movwf	tblptru,c
   224  000F4E  EE00  F055         	lfsr	0,__pdataCOMRAM
   225  000F52  EE10 F004          	lfsr	1,4
   226  000F56                     copy_data0:
   227  000F56  0009               	tblrd		*+
   228  000F58  CFF5 FFEE          	movff	tablat,postinc0
   229  000F5C  50E5               	movf	postdec1,w,c
   230  000F5E  50E1               	movf	fsr1l,w,c
   231  000F60  E1FA               	bnz	copy_data0
   232                           
   233                           ; Clear objects allocated to BANK0 (66 bytes)
   234  000F62  EE00  F060         	lfsr	0,__pbssBANK0
   235  000F66  0E42               	movlw	66
   236  000F68                     clear_0:
   237  000F68  6AEE               	clrf	postinc0,c
   238  000F6A  06E8               	decf	wreg,f,c
   239  000F6C  E1FD               	bnz	clear_0
   240                           
   241                           ; Clear objects allocated to COMRAM (84 bytes)
   242  000F6E  EE00  F001         	lfsr	0,__pbssCOMRAM
   243  000F72  0E54               	movlw	84
   244  000F74                     clear_1:
   245  000F74  6AEE               	clrf	postinc0,c
   246  000F76  06E8               	decf	wreg,f,c
   247  000F78  E1FD               	bnz	clear_1
   248  000F7A                     end_of_initialization:
   249                           	callstack 0
   250  000F7A                     __end_of__initialization:
   251                           	callstack 0
   252  000F7A  0100               	movlb	0
   253  000F7C  EF7A  F007         	goto	_main	;jump to C main() function
   254                           
   255                           	psect	bssCOMRAM
   256  000001                     __pbssCOMRAM:
   257                           	callstack 0
   258  000001                     _dateTime:
   259                           	callstack 0
   260  000001                     	ds	14
   261  00000F                     _tzname:
   262                           	callstack 0
   263  00000F                     	ds	6
   264  000015                     _lock:
   265                           	callstack 0
   266  000015                     	ds	4
   267  000019                     _dst_off:
   268                           	callstack 0
   269  000019                     	ds	4
   270  00001D                     _timezone:
   271                           	callstack 0
   272  00001D                     	ds	4
   273  000021                     ___tzname:
   274                           	callstack 0
   275  000021                     	ds	4
   276  000025                     ___timezone:
   277                           	callstack 0
   278  000025                     	ds	4
   279  000029                     	ds	2
   280  00002B                     	ds	2
   281  00002D                     	ds	2
   282  00002F                     	ds	2
   283  000031                     	ds	2
   284  000033                     	ds	2
   285  000035                     	ds	2
   286  000037                     _daylight:
   287                           	callstack 0
   288  000037                     	ds	2
   289  000039                     ___daylight:
   290                           	callstack 0
   291  000039                     	ds	2
   292  00003B                     _errno:
   293                           	callstack 0
   294  00003B                     	ds	2
   295  00003D                     _r0:
   296                           	callstack 0
   297  00003D                     	ds	10
   298  000047                     _dst_name:
   299                           	callstack 0
   300  000047                     	ds	7
   301  00004E                     _std_name:
   302                           	callstack 0
   303  00004E                     	ds	7
   304                           
   305                           	psect	dataCOMRAM
   306  000055                     __pdataCOMRAM:
   307                           	callstack 0
   308  000055                     	ds	2
   309  000057                     	ds	2
   310                           
   311                           	psect	bssBANK0
   312  000060                     __pbssBANK0:
   313                           	callstack 0
   314  000060                     _old_tz_buf:
   315  000060                     	ds	32
   316  000080                     localtime@tm:
   317                           	callstack 0
   318  000080                     	ds	24
   319  000098                     _r1:
   320                           	callstack 0
   321  000098                     	ds	10
   322                           
   323                           	psect	cstackCOMRAM
   324  000059                     __pcstackCOMRAM:
   325                           	callstack 0
   326  000059                     ??_main:
   327                           
   328                           ; 1 bytes @ 0x0
   329  000059                     	ds	1
   330                           
   331 ;;
   332 ;;Main: autosize = 0, tempsize = 1, incstack = 0, save=0
   333 ;;
   334 ;; *************** function _main *****************
   335 ;; Defined at:
   336 ;;		line 8 in file "main.c"
   337 ;; Parameters:    Size  Location     Type
   338 ;;		None
   339 ;; Auto vars:     Size  Location     Type
   340 ;;		None
   341 ;; Return value:  Size  Location     Type
   342 ;;                  1    wreg      void 
   343 ;; Registers used:
   344 ;;		wreg, status,2, status,0, cstack
   345 ;; Tracked objects:
   346 ;;		On entry : 0/0
   347 ;;		On exit  : 0/0
   348 ;;		Unchanged: 0/0
   349 ;; Data sizes:     COMRAM   BANK0   BANK1   BANK2   BANK3   BANK4   BANK5   BANK6   BANK7   BANK8   BANK9  BANK10  BANK1
      +1  BANK12  BANK13
   350 ;;      Params:         0       0       0       0       0       0       0       0       0       0       0       0       
      +0       0       0
   351 ;;      Locals:         0       0       0       0       0       0       0       0       0       0       0       0       
      +0       0       0
   352 ;;      Temps:          1       0       0       0       0       0       0       0       0       0       0       0       
      +0       0       0
   353 ;;      Totals:         1       0       0       0       0       0       0       0       0       0       0       0       
      +0       0       0
   354 ;;Total ram usage:        1 bytes
   355 ;; Hardware stack levels required when called:    2
   356 ;; This function calls:
   357 ;;		_SYSTEM_Initialize
   358 ;;		_TMR0_HasOverflowOccured
   359 ;;		_TMR0_StartTimer
   360 ;;		_TMR0_StopTimer
   361 ;; This function is called by:
   362 ;;		Startup code after reset
   363 ;; This function uses a non-reentrant model
   364 ;;
   365                           
   366                           	psect	text0
   367  000EF4                     __ptext0:
   368                           	callstack 0
   369  000EF4                     _main:
   370                           	callstack 29
   371  000EF4                     
   372                           ;main.c: 11:     SYSTEM_Initialize();
   373  000EF4  ECF0  F007         	call	_SYSTEM_Initialize	;wreg free
   374  000EF8                     l1377:
   375                           
   376                           ;main.c: 28:     TMR0_StartTimer();
   377  000EF8  ECFD  F007         	call	_TMR0_StartTimer	;wreg free
   378  000EFC                     l1379:
   379                           
   380                           ;main.c: 34:     {;main.c: 36:         if(TMR0_HasOverflowOccured()){
   381  000EFC  ECDA  F007         	call	_TMR0_HasOverflowOccured	;wreg free
   382  000F00  0900               	iorlw	0
   383  000F02  B4D8               	btfsc	status,2,c
   384  000F04  EF86  F007         	goto	u21
   385  000F08  EF88  F007         	goto	u20
   386  000F0C                     u21:
   387  000F0C  EF7E  F007         	goto	l1379
   388  000F10                     u20:
   389  000F10                     
   390                           ;main.c: 39:             TMR0_StopTimer();
   391  000F10  ECFB  F007         	call	_TMR0_StopTimer	;wreg free
   392  000F14                     
   393                           ;main.c: 40:             PIR0bits.TMR0IF = 0;
   394  000F14  010E               	movlb	14	; () banked
   395  000F16  9B33               	bcf	51,5,b	;volatile
   396  000F18                     
   397                           ; BSR set to: 14
   398  000F18  B27C               	btfsc	124,1,c	;volatile
   399  000F1A  EF91  F007         	goto	u31
   400  000F1E  EF94  F007         	goto	u30
   401  000F22                     u31:
   402  000F22  0E01               	movlw	1
   403  000F24  EF95  F007         	goto	u36
   404  000F28                     u30:
   405  000F28  0E00               	movlw	0
   406  000F2A                     u36:
   407  000F2A  0AFF               	xorlw	255
   408  000F2C  6E59               	movwf	??_main^0,c
   409  000F2E  4659               	rlncf	??_main^0,f,c
   410  000F30  507C               	movf	124,w,c	;volatile
   411  000F32  1859               	xorwf	??_main^0,w,c
   412  000F34  0BFD               	andlw	-3
   413  000F36  1859               	xorwf	??_main^0,w,c
   414  000F38  6E7C               	movwf	124,c	;volatile
   415  000F3A  EF7C  F007         	goto	l1377
   416  000F3E  EF00  F000         	goto	start
   417  000F42                     __end_of_main:
   418                           	callstack 0
   419                           
   420 ;; *************** function _TMR0_StopTimer *****************
   421 ;; Defined at:
   422 ;;		line 86 in file "mcc_generated_files/tmr0.c"
   423 ;; Parameters:    Size  Location     Type
   424 ;;		None
   425 ;; Auto vars:     Size  Location     Type
   426 ;;		None
   427 ;; Return value:  Size  Location     Type
   428 ;;                  1    wreg      void 
   429 ;; Registers used:
   430 ;;		None
   431 ;; Tracked objects:
   432 ;;		On entry : 0/0
   433 ;;		On exit  : 0/0
   434 ;;		Unchanged: 0/0
   435 ;; Data sizes:     COMRAM   BANK0   BANK1   BANK2   BANK3   BANK4   BANK5   BANK6   BANK7   BANK8   BANK9  BANK10  BANK1
      +1  BANK12  BANK13
   436 ;;      Params:         0       0       0       0       0       0       0       0       0       0       0       0       
      +0       0       0
   437 ;;      Locals:         0       0       0       0       0       0       0       0       0       0       0       0       
      +0       0       0
   438 ;;      Temps:          0       0       0       0       0       0       0       0       0       0       0       0       
      +0       0       0
   439 ;;      Totals:         0       0       0       0       0       0       0       0       0       0       0       0       
      +0       0       0
   440 ;;Total ram usage:        0 bytes
   441 ;; Hardware stack levels used:    1
   442 ;; This function calls:
   443 ;;		Nothing
   444 ;; This function is called by:
   445 ;;		_main
   446 ;; This function uses a non-reentrant model
   447 ;;
   448                           
   449                           	psect	text1
   450  000FF6                     __ptext1:
   451                           	callstack 0
   452  000FF6                     _TMR0_StopTimer:
   453                           	callstack 30
   454  000FF6                     
   455                           ;mcc_generated_files/tmr0.c: 89:     T0CON0bits.T0EN = 0;
   456  000FF6  9ED5               	bcf	213,7,c	;volatile
   457  000FF8  0012               	return		;funcret
   458  000FFA                     __end_of_TMR0_StopTimer:
   459                           	callstack 0
   460                           
   461 ;; *************** function _TMR0_StartTimer *****************
   462 ;; Defined at:
   463 ;;		line 80 in file "mcc_generated_files/tmr0.c"
   464 ;; Parameters:    Size  Location     Type
   465 ;;		None
   466 ;; Auto vars:     Size  Location     Type
   467 ;;		None
   468 ;; Return value:  Size  Location     Type
   469 ;;                  1    wreg      void 
   470 ;; Registers used:
   471 ;;		None
   472 ;; Tracked objects:
   473 ;;		On entry : 0/0
   474 ;;		On exit  : 0/0
   475 ;;		Unchanged: 0/0
   476 ;; Data sizes:     COMRAM   BANK0   BANK1   BANK2   BANK3   BANK4   BANK5   BANK6   BANK7   BANK8   BANK9  BANK10  BANK1
      +1  BANK12  BANK13
   477 ;;      Params:         0       0       0       0       0       0       0       0       0       0       0       0       
      +0       0       0
   478 ;;      Locals:         0       0       0       0       0       0       0       0       0       0       0       0       
      +0       0       0
   479 ;;      Temps:          0       0       0       0       0       0       0       0       0       0       0       0       
      +0       0       0
   480 ;;      Totals:         0       0       0       0       0       0       0       0       0       0       0       0       
      +0       0       0
   481 ;;Total ram usage:        0 bytes
   482 ;; Hardware stack levels used:    1
   483 ;; This function calls:
   484 ;;		Nothing
   485 ;; This function is called by:
   486 ;;		_main
   487 ;; This function uses a non-reentrant model
   488 ;;
   489                           
   490                           	psect	text2
   491  000FFA                     __ptext2:
   492                           	callstack 0
   493  000FFA                     _TMR0_StartTimer:
   494                           	callstack 30
   495  000FFA                     
   496                           ;mcc_generated_files/tmr0.c: 83:     T0CON0bits.T0EN = 1;
   497  000FFA  8ED5               	bsf	213,7,c	;volatile
   498  000FFC  0012               	return		;funcret
   499  000FFE                     __end_of_TMR0_StartTimer:
   500                           	callstack 0
   501                           
   502 ;; *************** function _TMR0_HasOverflowOccured *****************
   503 ;; Defined at:
   504 ;;		line 114 in file "mcc_generated_files/tmr0.c"
   505 ;; Parameters:    Size  Location     Type
   506 ;;		None
   507 ;; Auto vars:     Size  Location     Type
   508 ;;		None
   509 ;; Return value:  Size  Location     Type
   510 ;;                  1    wreg      _Bool 
   511 ;; Registers used:
   512 ;;		wreg
   513 ;; Tracked objects:
   514 ;;		On entry : 0/0
   515 ;;		On exit  : 0/0
   516 ;;		Unchanged: 0/0
   517 ;; Data sizes:     COMRAM   BANK0   BANK1   BANK2   BANK3   BANK4   BANK5   BANK6   BANK7   BANK8   BANK9  BANK10  BANK1
      +1  BANK12  BANK13
   518 ;;      Params:         0       0       0       0       0       0       0       0       0       0       0       0       
      +0       0       0
   519 ;;      Locals:         0       0       0       0       0       0       0       0       0       0       0       0       
      +0       0       0
   520 ;;      Temps:          0       0       0       0       0       0       0       0       0       0       0       0       
      +0       0       0
   521 ;;      Totals:         0       0       0       0       0       0       0       0       0       0       0       0       
      +0       0       0
   522 ;;Total ram usage:        0 bytes
   523 ;; Hardware stack levels used:    1
   524 ;; This function calls:
   525 ;;		Nothing
   526 ;; This function is called by:
   527 ;;		_main
   528 ;; This function uses a non-reentrant model
   529 ;;
   530                           
   531                           	psect	text3
   532  000FB4                     __ptext3:
   533                           	callstack 0
   534  000FB4                     _TMR0_HasOverflowOccured:
   535                           	callstack 30
   536  000FB4                     
   537                           ;mcc_generated_files/tmr0.c: 117:     return(PIR0bits.TMR0IF);
   538  000FB4  010E               	movlb	14	; () banked
   539  000FB6  BB33               	btfsc	51,5,b	;volatile
   540  000FB8  EFE0  F007         	goto	u11
   541  000FBC  EFE3  F007         	goto	u10
   542  000FC0                     u11:
   543  000FC0  0E01               	movlw	1
   544  000FC2  EFE4  F007         	goto	u16
   545  000FC6                     u10:
   546  000FC6  0E00               	movlw	0
   547  000FC8                     u16:
   548  000FC8                     
   549                           ; BSR set to: 14
   550  000FC8  0012               	return		;funcret
   551  000FCA                     __end_of_TMR0_HasOverflowOccured:
   552                           	callstack 0
   553                           
   554 ;; *************** function _SYSTEM_Initialize *****************
   555 ;; Defined at:
   556 ;;		line 50 in file "mcc_generated_files/mcc.c"
   557 ;; Parameters:    Size  Location     Type
   558 ;;		None
   559 ;; Auto vars:     Size  Location     Type
   560 ;;		None
   561 ;; Return value:  Size  Location     Type
   562 ;;                  1    wreg      void 
   563 ;; Registers used:
   564 ;;		wreg, status,2, cstack
   565 ;; Tracked objects:
   566 ;;		On entry : 0/0
   567 ;;		On exit  : 0/0
   568 ;;		Unchanged: 0/0
   569 ;; Data sizes:     COMRAM   BANK0   BANK1   BANK2   BANK3   BANK4   BANK5   BANK6   BANK7   BANK8   BANK9  BANK10  BANK1
      +1  BANK12  BANK13
   570 ;;      Params:         0       0       0       0       0       0       0       0       0       0       0       0       
      +0       0       0
   571 ;;      Locals:         0       0       0       0       0       0       0       0       0       0       0       0       
      +0       0       0
   572 ;;      Temps:          0       0       0       0       0       0       0       0       0       0       0       0       
      +0       0       0
   573 ;;      Totals:         0       0       0       0       0       0       0       0       0       0       0       0       
      +0       0       0
   574 ;;Total ram usage:        0 bytes
   575 ;; Hardware stack levels used:    1
   576 ;; Hardware stack levels required when called:    1
   577 ;; This function calls:
   578 ;;		_OSCILLATOR_Initialize
   579 ;;		_PIN_MANAGER_Initialize
   580 ;;		_PMD_Initialize
   581 ;;		_TMR0_Initialize
   582 ;; This function is called by:
   583 ;;		_main
   584 ;; This function uses a non-reentrant model
   585 ;;
   586                           
   587                           	psect	text4
   588  000FE0                     __ptext4:
   589                           	callstack 0
   590  000FE0                     _SYSTEM_Initialize:
   591                           	callstack 29
   592  000FE0                     
   593                           ;mcc_generated_files/mcc.c: 52:     PMD_Initialize();
   594  000FE0  ECC0  F007         	call	_PMD_Initialize	;wreg free
   595                           
   596                           ;mcc_generated_files/mcc.c: 53:     PIN_MANAGER_Initialize();
   597  000FE4  EC22  F007         	call	_PIN_MANAGER_Initialize	;wreg free
   598                           
   599                           ;mcc_generated_files/mcc.c: 54:     OSCILLATOR_Initialize();
   600  000FE8  ECCE  F007         	call	_OSCILLATOR_Initialize	;wreg free
   601                           
   602                           ;mcc_generated_files/mcc.c: 55:     TMR0_Initialize();
   603  000FEC  ECE5  F007         	call	_TMR0_Initialize	;wreg free
   604  000FF0  0012               	return		;funcret
   605  000FF2                     __end_of_SYSTEM_Initialize:
   606                           	callstack 0
   607                           
   608 ;; *************** function _TMR0_Initialize *****************
   609 ;; Defined at:
   610 ;;		line 60 in file "mcc_generated_files/tmr0.c"
   611 ;; Parameters:    Size  Location     Type
   612 ;;		None
   613 ;; Auto vars:     Size  Location     Type
   614 ;;		None
   615 ;; Return value:  Size  Location     Type
   616 ;;                  1    wreg      void 
   617 ;; Registers used:
   618 ;;		wreg, status,2
   619 ;; Tracked objects:
   620 ;;		On entry : 0/0
   621 ;;		On exit  : 0/0
   622 ;;		Unchanged: 0/0
   623 ;; Data sizes:     COMRAM   BANK0   BANK1   BANK2   BANK3   BANK4   BANK5   BANK6   BANK7   BANK8   BANK9  BANK10  BANK1
      +1  BANK12  BANK13
   624 ;;      Params:         0       0       0       0       0       0       0       0       0       0       0       0       
      +0       0       0
   625 ;;      Locals:         0       0       0       0       0       0       0       0       0       0       0       0       
      +0       0       0
   626 ;;      Temps:          0       0       0       0       0       0       0       0       0       0       0       0       
      +0       0       0
   627 ;;      Totals:         0       0       0       0       0       0       0       0       0       0       0       0       
      +0       0       0
   628 ;;Total ram usage:        0 bytes
   629 ;; Hardware stack levels used:    1
   630 ;; This function calls:
   631 ;;		Nothing
   632 ;; This function is called by:
   633 ;;		_SYSTEM_Initialize
   634 ;; This function uses a non-reentrant model
   635 ;;
   636                           
   637                           	psect	text5
   638  000FCA                     __ptext5:
   639                           	callstack 0
   640  000FCA                     _TMR0_Initialize:
   641                           	callstack 29
   642  000FCA                     
   643                           ;mcc_generated_files/tmr0.c: 65:     T0CON1 = 0x0C;
   644  000FCA  0E0C               	movlw	12
   645  000FCC  6ED6               	movwf	214,c	;volatile
   646                           
   647                           ;mcc_generated_files/tmr0.c: 68:     TMR0H = 0x06;
   648  000FCE  0E06               	movlw	6
   649  000FD0  6ED4               	movwf	212,c	;volatile
   650                           
   651                           ;mcc_generated_files/tmr0.c: 71:     TMR0L = 0x00;
   652  000FD2  0E00               	movlw	0
   653  000FD4  6ED3               	movwf	211,c	;volatile
   654  000FD6                     
   655                           ;mcc_generated_files/tmr0.c: 74:     PIR0bits.TMR0IF = 0;
   656  000FD6  010E               	movlb	14	; () banked
   657  000FD8  9B33               	bcf	51,5,b	;volatile
   658                           
   659                           ;mcc_generated_files/tmr0.c: 77:     T0CON0 = 0x86;
   660  000FDA  0E86               	movlw	134
   661  000FDC  6ED5               	movwf	213,c	;volatile
   662  000FDE                     
   663                           ; BSR set to: 14
   664  000FDE  0012               	return		;funcret
   665  000FE0                     __end_of_TMR0_Initialize:
   666                           	callstack 0
   667                           
   668 ;; *************** function _PMD_Initialize *****************
   669 ;; Defined at:
   670 ;;		line 72 in file "mcc_generated_files/mcc.c"
   671 ;; Parameters:    Size  Location     Type
   672 ;;		None
   673 ;; Auto vars:     Size  Location     Type
   674 ;;		None
   675 ;; Return value:  Size  Location     Type
   676 ;;                  1    wreg      void 
   677 ;; Registers used:
   678 ;;		wreg, status,2
   679 ;; Tracked objects:
   680 ;;		On entry : 0/0
   681 ;;		On exit  : 0/0
   682 ;;		Unchanged: 0/0
   683 ;; Data sizes:     COMRAM   BANK0   BANK1   BANK2   BANK3   BANK4   BANK5   BANK6   BANK7   BANK8   BANK9  BANK10  BANK1
      +1  BANK12  BANK13
   684 ;;      Params:         0       0       0       0       0       0       0       0       0       0       0       0       
      +0       0       0
   685 ;;      Locals:         0       0       0       0       0       0       0       0       0       0       0       0       
      +0       0       0
   686 ;;      Temps:          0       0       0       0       0       0       0       0       0       0       0       0       
      +0       0       0
   687 ;;      Totals:         0       0       0       0       0       0       0       0       0       0       0       0       
      +0       0       0
   688 ;;Total ram usage:        0 bytes
   689 ;; Hardware stack levels used:    1
   690 ;; This function calls:
   691 ;;		Nothing
   692 ;; This function is called by:
   693 ;;		_SYSTEM_Initialize
   694 ;; This function uses a non-reentrant model
   695 ;;
   696                           
   697                           	psect	text6
   698  000F80                     __ptext6:
   699                           	callstack 0
   700  000F80                     _PMD_Initialize:
   701                           	callstack 29
   702  000F80                     
   703                           ;mcc_generated_files/mcc.c: 75:     PMD0 = 0x00;
   704  000F80  0E00               	movlw	0
   705  000F82  010E               	movlb	14	; () banked
   706  000F84  6F4C               	movwf	76,b	;volatile
   707                           
   708                           ;mcc_generated_files/mcc.c: 77:     PMD1 = 0x00;
   709  000F86  0E00               	movlw	0
   710  000F88  6F4D               	movwf	77,b	;volatile
   711                           
   712                           ;mcc_generated_files/mcc.c: 79:     PMD2 = 0x00;
   713  000F8A  0E00               	movlw	0
   714  000F8C  6F4E               	movwf	78,b	;volatile
   715                           
   716                           ;mcc_generated_files/mcc.c: 81:     PMD3 = 0x00;
   717  000F8E  0E00               	movlw	0
   718  000F90  6F4F               	movwf	79,b	;volatile
   719                           
   720                           ;mcc_generated_files/mcc.c: 83:     PMD4 = 0x00;
   721  000F92  0E00               	movlw	0
   722  000F94  6F50               	movwf	80,b	;volatile
   723                           
   724                           ;mcc_generated_files/mcc.c: 85:     PMD5 = 0x00;
   725  000F96  0E00               	movlw	0
   726  000F98  6F51               	movwf	81,b	;volatile
   727  000F9A                     
   728                           ; BSR set to: 14
   729  000F9A  0012               	return		;funcret
   730  000F9C                     __end_of_PMD_Initialize:
   731                           	callstack 0
   732                           
   733 ;; *************** function _PIN_MANAGER_Initialize *****************
   734 ;; Defined at:
   735 ;;		line 55 in file "mcc_generated_files/pin_manager.c"
   736 ;; Parameters:    Size  Location     Type
   737 ;;		None
   738 ;; Auto vars:     Size  Location     Type
   739 ;;		None
   740 ;; Return value:  Size  Location     Type
   741 ;;                  1    wreg      void 
   742 ;; Registers used:
   743 ;;		wreg, status,2
   744 ;; Tracked objects:
   745 ;;		On entry : 0/0
   746 ;;		On exit  : 0/0
   747 ;;		Unchanged: 0/0
   748 ;; Data sizes:     COMRAM   BANK0   BANK1   BANK2   BANK3   BANK4   BANK5   BANK6   BANK7   BANK8   BANK9  BANK10  BANK1
      +1  BANK12  BANK13
   749 ;;      Params:         0       0       0       0       0       0       0       0       0       0       0       0       
      +0       0       0
   750 ;;      Locals:         0       0       0       0       0       0       0       0       0       0       0       0       
      +0       0       0
   751 ;;      Temps:          0       0       0       0       0       0       0       0       0       0       0       0       
      +0       0       0
   752 ;;      Totals:         0       0       0       0       0       0       0       0       0       0       0       0       
      +0       0       0
   753 ;;Total ram usage:        0 bytes
   754 ;; Hardware stack levels used:    1
   755 ;; This function calls:
   756 ;;		Nothing
   757 ;; This function is called by:
   758 ;;		_SYSTEM_Initialize
   759 ;; This function uses a non-reentrant model
   760 ;;
   761                           
   762                           	psect	text7
   763  000E44                     __ptext7:
   764                           	callstack 0
   765  000E44                     _PIN_MANAGER_Initialize:
   766                           	callstack 29
   767  000E44                     
   768                           ;mcc_generated_files/pin_manager.c: 60:     LATE = 0x00;
   769  000E44  0E00               	movlw	0
   770  000E46  6E7D               	movwf	125,c	;volatile
   771                           
   772                           ;mcc_generated_files/pin_manager.c: 61:     LATD = 0x02;
   773  000E48  0E02               	movlw	2
   774  000E4A  6E7C               	movwf	124,c	;volatile
   775                           
   776                           ;mcc_generated_files/pin_manager.c: 62:     LATA = 0x00;
   777  000E4C  0E00               	movlw	0
   778  000E4E  6E79               	movwf	121,c	;volatile
   779                           
   780                           ;mcc_generated_files/pin_manager.c: 63:     LATF = 0x00;
   781  000E50  0E00               	movlw	0
   782  000E52  6E7E               	movwf	126,c	;volatile
   783                           
   784                           ;mcc_generated_files/pin_manager.c: 64:     LATB = 0x00;
   785  000E54  0E00               	movlw	0
   786  000E56  6E7A               	movwf	122,c	;volatile
   787                           
   788                           ;mcc_generated_files/pin_manager.c: 65:     LATG = 0x00;
   789  000E58  0E00               	movlw	0
   790  000E5A  6E7F               	movwf	127,c	;volatile
   791                           
   792                           ;mcc_generated_files/pin_manager.c: 66:     LATC = 0x80;
   793  000E5C  0E80               	movlw	128
   794  000E5E  6E7B               	movwf	123,c	;volatile
   795                           
   796                           ;mcc_generated_files/pin_manager.c: 67:     LATH = 0x00;
   797  000E60  0E00               	movlw	0
   798  000E62  6E80               	movwf	128,c	;volatile
   799  000E64                     
   800                           ;mcc_generated_files/pin_manager.c: 72:     TRISE = 0xFF;
   801  000E64  6885               	setf	133,c	;volatile
   802  000E66                     
   803                           ;mcc_generated_files/pin_manager.c: 73:     TRISF = 0xFF;
   804  000E66  6886               	setf	134,c	;volatile
   805  000E68                     
   806                           ;mcc_generated_files/pin_manager.c: 74:     TRISA = 0xFF;
   807  000E68  6881               	setf	129,c	;volatile
   808                           
   809                           ;mcc_generated_files/pin_manager.c: 75:     TRISG = 0xDF;
   810  000E6A  0EDF               	movlw	223
   811  000E6C  6E87               	movwf	135,c	;volatile
   812  000E6E                     
   813                           ;mcc_generated_files/pin_manager.c: 76:     TRISB = 0xFF;
   814  000E6E  6882               	setf	130,c	;volatile
   815                           
   816                           ;mcc_generated_files/pin_manager.c: 77:     TRISH = 0x0F;
   817  000E70  0E0F               	movlw	15
   818  000E72  6E88               	movwf	136,c	;volatile
   819  000E74                     
   820                           ;mcc_generated_files/pin_manager.c: 78:     TRISC = 0xFF;
   821  000E74  6883               	setf	131,c	;volatile
   822                           
   823                           ;mcc_generated_files/pin_manager.c: 79:     TRISD = 0xFD;
   824  000E76  0EFD               	movlw	253
   825  000E78  6E84               	movwf	132,c	;volatile
   826                           
   827                           ;mcc_generated_files/pin_manager.c: 84:     ANSELD = 0xFD;
   828  000E7A  0EFD               	movlw	253
   829  000E7C  010E               	movlb	14	; () banked
   830  000E7E  6FA7               	movwf	167,b	;volatile
   831  000E80                     
   832                           ; BSR set to: 14
   833                           ;mcc_generated_files/pin_manager.c: 85:     ANSELB = 0xFF;
   834  000E80  699A               	setf	154,b	;volatile
   835  000E82                     
   836                           ; BSR set to: 14
   837                           ;mcc_generated_files/pin_manager.c: 86:     ANSELE = 0xFF;
   838  000E82  69AF               	setf	175,b	;volatile
   839  000E84                     
   840                           ; BSR set to: 14
   841                           ;mcc_generated_files/pin_manager.c: 87:     ANSELG = 0xFF;
   842  000E84  69BC               	setf	188,b	;volatile
   843  000E86                     
   844                           ; BSR set to: 14
   845                           ;mcc_generated_files/pin_manager.c: 88:     ANSELF = 0xFF;
   846  000E86  69B4               	setf	180,b	;volatile
   847                           
   848                           ;mcc_generated_files/pin_manager.c: 89:     ANSELA = 0xEF;
   849  000E88  0EEF               	movlw	239
   850  000E8A  6F92               	movwf	146,b	;volatile
   851                           
   852                           ;mcc_generated_files/pin_manager.c: 94:     WPUD = 0x00;
   853  000E8C  0E00               	movlw	0
   854  000E8E  6FA6               	movwf	166,b	;volatile
   855                           
   856                           ;mcc_generated_files/pin_manager.c: 95:     WPUF = 0x00;
   857  000E90  0E00               	movlw	0
   858  000E92  6FB3               	movwf	179,b	;volatile
   859                           
   860                           ;mcc_generated_files/pin_manager.c: 96:     WPUE = 0x00;
   861  000E94  0E00               	movlw	0
   862  000E96  6FAE               	movwf	174,b	;volatile
   863                           
   864                           ;mcc_generated_files/pin_manager.c: 97:     WPUB = 0x00;
   865  000E98  0E00               	movlw	0
   866  000E9A  6F99               	movwf	153,b	;volatile
   867                           
   868                           ;mcc_generated_files/pin_manager.c: 98:     WPUG = 0x00;
   869  000E9C  0E00               	movlw	0
   870  000E9E  6FBB               	movwf	187,b	;volatile
   871                           
   872                           ;mcc_generated_files/pin_manager.c: 99:     WPUA = 0x00;
   873  000EA0  0E00               	movlw	0
   874  000EA2  6F91               	movwf	145,b	;volatile
   875                           
   876                           ;mcc_generated_files/pin_manager.c: 100:     WPUC = 0x00;
   877  000EA4  0E00               	movlw	0
   878  000EA6  6FA1               	movwf	161,b	;volatile
   879                           
   880                           ;mcc_generated_files/pin_manager.c: 101:     WPUH = 0x00;
   881  000EA8  0E00               	movlw	0
   882  000EAA  6FC0               	movwf	192,b	;volatile
   883                           
   884                           ;mcc_generated_files/pin_manager.c: 106:     ODCONE = 0x00;
   885  000EAC  0E00               	movlw	0
   886  000EAE  6FAD               	movwf	173,b	;volatile
   887                           
   888                           ;mcc_generated_files/pin_manager.c: 107:     ODCONF = 0x00;
   889  000EB0  0E00               	movlw	0
   890  000EB2  6FB2               	movwf	178,b	;volatile
   891                           
   892                           ;mcc_generated_files/pin_manager.c: 108:     ODCONA = 0x00;
   893  000EB4  0E00               	movlw	0
   894  000EB6  6F90               	movwf	144,b	;volatile
   895                           
   896                           ;mcc_generated_files/pin_manager.c: 109:     ODCONG = 0x00;
   897  000EB8  0E00               	movlw	0
   898  000EBA  6FBA               	movwf	186,b	;volatile
   899                           
   900                           ;mcc_generated_files/pin_manager.c: 110:     ODCONB = 0x00;
   901  000EBC  0E00               	movlw	0
   902  000EBE  6F98               	movwf	152,b	;volatile
   903                           
   904                           ;mcc_generated_files/pin_manager.c: 111:     ODCONH = 0x00;
   905  000EC0  0E00               	movlw	0
   906  000EC2  6FBF               	movwf	191,b	;volatile
   907                           
   908                           ;mcc_generated_files/pin_manager.c: 112:     ODCONC = 0x00;
   909  000EC4  0E00               	movlw	0
   910  000EC6  6FA0               	movwf	160,b	;volatile
   911                           
   912                           ;mcc_generated_files/pin_manager.c: 113:     ODCOND = 0x00;
   913  000EC8  0E00               	movlw	0
   914  000ECA  6FA5               	movwf	165,b	;volatile
   915  000ECC                     
   916                           ; BSR set to: 14
   917                           ;mcc_generated_files/pin_manager.c: 118:     SLRCONA = 0xFF;
   918  000ECC  698F               	setf	143,b	;volatile
   919  000ECE                     
   920                           ; BSR set to: 14
   921                           ;mcc_generated_files/pin_manager.c: 119:     SLRCONB = 0xFF;
   922  000ECE  6997               	setf	151,b	;volatile
   923  000ED0                     
   924                           ; BSR set to: 14
   925                           ;mcc_generated_files/pin_manager.c: 120:     SLRCONC = 0xFF;
   926  000ED0  699F               	setf	159,b	;volatile
   927  000ED2                     
   928                           ; BSR set to: 14
   929                           ;mcc_generated_files/pin_manager.c: 121:     SLRCOND = 0xFF;
   930  000ED2  69A4               	setf	164,b	;volatile
   931  000ED4                     
   932                           ; BSR set to: 14
   933                           ;mcc_generated_files/pin_manager.c: 122:     SLRCONE = 0xFF;
   934  000ED4  69AC               	setf	172,b	;volatile
   935  000ED6                     
   936                           ; BSR set to: 14
   937                           ;mcc_generated_files/pin_manager.c: 123:     SLRCONF = 0xFF;
   938  000ED6  69B1               	setf	177,b	;volatile
   939  000ED8                     
   940                           ; BSR set to: 14
   941                           ;mcc_generated_files/pin_manager.c: 124:     SLRCONG = 0xFF;
   942  000ED8  69B9               	setf	185,b	;volatile
   943  000EDA                     
   944                           ; BSR set to: 14
   945                           ;mcc_generated_files/pin_manager.c: 125:     SLRCONH = 0xFF;
   946  000EDA  69BE               	setf	190,b	;volatile
   947  000EDC                     
   948                           ; BSR set to: 14
   949                           ;mcc_generated_files/pin_manager.c: 130:     INLVLA = 0xFF;
   950  000EDC  698E               	setf	142,b	;volatile
   951  000EDE                     
   952                           ; BSR set to: 14
   953                           ;mcc_generated_files/pin_manager.c: 131:     INLVLB = 0xFF;
   954  000EDE  6996               	setf	150,b	;volatile
   955  000EE0                     
   956                           ; BSR set to: 14
   957                           ;mcc_generated_files/pin_manager.c: 132:     INLVLC = 0xFF;
   958  000EE0  699E               	setf	158,b	;volatile
   959  000EE2                     
   960                           ; BSR set to: 14
   961                           ;mcc_generated_files/pin_manager.c: 133:     INLVLD = 0xFF;
   962  000EE2  69A3               	setf	163,b	;volatile
   963  000EE4                     
   964                           ; BSR set to: 14
   965                           ;mcc_generated_files/pin_manager.c: 134:     INLVLE = 0xFF;
   966  000EE4  69AB               	setf	171,b	;volatile
   967  000EE6                     
   968                           ; BSR set to: 14
   969                           ;mcc_generated_files/pin_manager.c: 135:     INLVLF = 0xFF;
   970  000EE6  69B0               	setf	176,b	;volatile
   971  000EE8                     
   972                           ; BSR set to: 14
   973                           ;mcc_generated_files/pin_manager.c: 136:     INLVLG = 0xFF;
   974  000EE8  69B8               	setf	184,b	;volatile
   975  000EEA                     
   976                           ; BSR set to: 14
   977                           ;mcc_generated_files/pin_manager.c: 137:     INLVLH = 0xFF;
   978  000EEA  69BD               	setf	189,b	;volatile
   979                           
   980                           ;mcc_generated_files/pin_manager.c: 146:     T0CKIPPS = 0x04;
   981  000EEC  0E04               	movlw	4
   982  000EEE  010D               	movlb	13	; () banked
   983  000EF0  6FF4               	movwf	244,b	;volatile
   984  000EF2                     
   985                           ; BSR set to: 13
   986  000EF2  0012               	return		;funcret
   987  000EF4                     __end_of_PIN_MANAGER_Initialize:
   988                           	callstack 0
   989                           
   990 ;; *************** function _OSCILLATOR_Initialize *****************
   991 ;; Defined at:
   992 ;;		line 58 in file "mcc_generated_files/mcc.c"
   993 ;; Parameters:    Size  Location     Type
   994 ;;		None
   995 ;; Auto vars:     Size  Location     Type
   996 ;;		None
   997 ;; Return value:  Size  Location     Type
   998 ;;                  1    wreg      void 
   999 ;; Registers used:
  1000 ;;		wreg, status,2
  1001 ;; Tracked objects:
  1002 ;;		On entry : 0/0
  1003 ;;		On exit  : 0/0
  1004 ;;		Unchanged: 0/0
  1005 ;; Data sizes:     COMRAM   BANK0   BANK1   BANK2   BANK3   BANK4   BANK5   BANK6   BANK7   BANK8   BANK9  BANK10  BANK1
      +1  BANK12  BANK13
  1006 ;;      Params:         0       0       0       0       0       0       0       0       0       0       0       0       
      +0       0       0
  1007 ;;      Locals:         0       0       0       0       0       0       0       0       0       0       0       0       
      +0       0       0
  1008 ;;      Temps:          0       0       0       0       0       0       0       0       0       0       0       0       
      +0       0       0
  1009 ;;      Totals:         0       0       0       0       0       0       0       0       0       0       0       0       
      +0       0       0
  1010 ;;Total ram usage:        0 bytes
  1011 ;; Hardware stack levels used:    1
  1012 ;; This function calls:
  1013 ;;		Nothing
  1014 ;; This function is called by:
  1015 ;;		_SYSTEM_Initialize
  1016 ;; This function uses a non-reentrant model
  1017 ;;
  1018                           
  1019                           	psect	text8
  1020  000F9C                     __ptext8:
  1021                           	callstack 0
  1022  000F9C                     _OSCILLATOR_Initialize:
  1023                           	callstack 29
  1024  000F9C                     
  1025                           ;mcc_generated_files/mcc.c: 61:     OSCCON1 = 0x62;
  1026  000F9C  0E62               	movlw	98
  1027  000F9E  010E               	movlb	14	; () banked
  1028  000FA0  6F43               	movwf	67,b	;volatile
  1029                           
  1030                           ;mcc_generated_files/mcc.c: 63:     OSCCON3 = 0x00;
  1031  000FA2  0E00               	movlw	0
  1032  000FA4  6F45               	movwf	69,b	;volatile
  1033                           
  1034                           ;mcc_generated_files/mcc.c: 65:     OSCEN = 0x00;
  1035  000FA6  0E00               	movlw	0
  1036  000FA8  6F47               	movwf	71,b	;volatile
  1037                           
  1038                           ;mcc_generated_files/mcc.c: 67:     OSCFRQ = 0x06;
  1039  000FAA  0E06               	movlw	6
  1040  000FAC  6F49               	movwf	73,b	;volatile
  1041                           
  1042                           ;mcc_generated_files/mcc.c: 69:     OSCTUNE = 0x00;
  1043  000FAE  0E00               	movlw	0
  1044  000FB0  6F48               	movwf	72,b	;volatile
  1045  000FB2                     
  1046                           ; BSR set to: 14
  1047  000FB2  0012               	return		;funcret
  1048  000FB4                     __end_of_OSCILLATOR_Initialize:
  1049                           	callstack 0
  1050                           
  1051                           	psect	rparam
  1052  0000                     
  1053                           	psect	idloc
  1054                           
  1055                           ;Config register IDLOC0 @ 0x200000
  1056                           ;	unspecified, using default values
  1057  200000                     	org	2097152
  1058  200000  0FFF               	dw	4095
  1059                           
  1060                           ;Config register IDLOC1 @ 0x200002
  1061                           ;	unspecified, using default values
  1062  200002                     	org	2097154
  1063  200002  0FFF               	dw	4095
  1064                           
  1065                           ;Config register IDLOC2 @ 0x200004
  1066                           ;	unspecified, using default values
  1067  200004                     	org	2097156
  1068  200004  0FFF               	dw	4095
  1069                           
  1070                           ;Config register IDLOC3 @ 0x200006
  1071                           ;	unspecified, using default values
  1072  200006                     	org	2097158
  1073  200006  0FFF               	dw	4095
  1074                           
  1075                           ;Config register IDLOC4 @ 0x200008
  1076                           ;	unspecified, using default values
  1077  200008                     	org	2097160
  1078  200008  0FFF               	dw	4095
  1079                           
  1080                           ;Config register IDLOC5 @ 0x20000A
  1081                           ;	unspecified, using default values
  1082  20000A                     	org	2097162
  1083  20000A  0FFF               	dw	4095
  1084                           
  1085                           ;Config register IDLOC6 @ 0x20000C
  1086                           ;	unspecified, using default values
  1087  20000C                     	org	2097164
  1088  20000C  0FFF               	dw	4095
  1089                           
  1090                           ;Config register IDLOC7 @ 0x20000E
  1091                           ;	unspecified, using default values
  1092  20000E                     	org	2097166
  1093  20000E  0FFF               	dw	4095
  1094                           
  1095                           	psect	config
  1096                           
  1097                           ;Config register CONFIG1L @ 0x300000
  1098                           ;	External Oscillator mode Selection bits
  1099                           ;	FEXTOSC = OFF, Oscillator not enabled
  1100                           ;	Power-up default value for COSC bits
  1101                           ;	RSTOSC = HFINTOSC_1MHZ, HFINTOSC with HFFRQ = 4 MHz and CDIV = 4:1
  1102  300000                     	org	3145728
  1103  300000  EC                 	db	236
  1104                           
  1105                           ;Config register CONFIG1H @ 0x300001
  1106                           ;	Clock Out Enable bit
  1107                           ;	CLKOUTEN = OFF, CLKOUT function is disabled
  1108                           ;	Clock Switch Enable bit
  1109                           ;	CSWEN = ON, Writing to NOSC and NDIV is allowed
  1110                           ;	Fail-Safe Clock Monitor Enable bit
  1111                           ;	FCMEN = ON, Fail-Safe Clock Monitor enabled
  1112  300001                     	org	3145729
  1113  300001  FF                 	db	255
  1114                           
  1115                           ;Config register CONFIG2L @ 0x300002
  1116                           ;	Master Clear Enable bit
  1117                           ;	MCLRE = EXTMCLR, If LVP = 0, MCLR pin is MCLR; If LVP = 1, RG5 pin function is MCLR
  1118                           ;	Power-up Timer Enable bit
  1119                           ;	PWRTE = OFF, Power up timer disabled
  1120                           ;	Low-power BOR enable bit
  1121                           ;	LPBOREN = OFF, ULPBOR disabled
  1122                           ;	Brown-out Reset Enable bits
  1123                           ;	BOREN = SBORDIS, Brown-out Reset enabled , SBOREN bit is ignored
  1124  300002                     	org	3145730
  1125  300002  FF                 	db	255
  1126                           
  1127                           ;Config register CONFIG2H @ 0x300003
  1128                           ;	Brown Out Reset Voltage selection bits
  1129                           ;	BORV = VBOR_2P45, Brown-out Reset Voltage (VBOR) set to 2.45V
  1130                           ;	ZCD Disable bit
  1131                           ;	ZCD = OFF, ZCD disabled. ZCD can be enabled by setting the ZCDSEN bit of ZCDCON
  1132                           ;	PPSLOCK bit One-Way Set Enable bit
  1133                           ;	PPS1WAY = ON, PPSLOCK bit can be cleared and set only once; PPS registers remain locke
      +                          d after one clear/set cycle
  1134                           ;	Stack Full/Underflow Reset Enable bit
  1135                           ;	STVREN = ON, Stack full/underflow will cause Reset
  1136                           ;	Debugger Enable bit
  1137                           ;	DEBUG = OFF, Background debugger disabled
  1138                           ;	Extended Instruction Set Enable bit
  1139                           ;	XINST = OFF, Extended Instruction Set and Indexed Addressing Mode disabled
  1140  300003                     	org	3145731
  1141  300003  FF                 	db	255
  1142                           
  1143                           ;Config register CONFIG3L @ 0x300004
  1144                           ;	WDT Period Select bits
  1145                           ;	WDTCPS = WDTCPS_31, Divider ratio 1:65536; software control of WDTPS
  1146                           ;	WDT operating mode
  1147                           ;	WDTE = OFF, WDT Disabled
  1148  300004                     	org	3145732
  1149  300004  9F                 	db	159
  1150                           
  1151                           ;Config register CONFIG3H @ 0x300005
  1152                           ;	WDT Window Select bits
  1153                           ;	WDTCWS = WDTCWS_7, window always open (100%); software control; keyed access not requi
      +                          red
  1154                           ;	WDT input clock selector
  1155                           ;	WDTCCS = SC, Software Control
  1156  300005                     	org	3145733
  1157  300005  FF                 	db	255
  1158                           
  1159                           ;Config register CONFIG4L @ 0x300006
  1160                           ;	Write Protection Block 0
  1161                           ;	WRT0 = OFF, Block 0 (000800-003FFFh) not write-protected
  1162                           ;	Write Protection Block 1
  1163                           ;	WRT1 = OFF, Block 1 (004000-007FFFh) not write-protected
  1164                           ;	Write Protection Block 2
  1165                           ;	WRT2 = OFF, Block 2 (008000-00BFFFh) not write-protected
  1166                           ;	Write Protection Block 3
  1167                           ;	WRT3 = OFF, Block 3 (00C000-00FFFFh) not write-protected
  1168                           ;	Write Protection Block 3
  1169                           ;	WRT4 = OFF, Block 4 (010000-013FFFh) not write-protected
  1170                           ;	Write Protection Block 3
  1171                           ;	WRT5 = OFF, Block 5 (014000-017FFFh) not write-protected
  1172                           ;	Write Protection Block 3
  1173                           ;	WRT6 = OFF, Block 6 (018000-01BFFFh) not write-protected
  1174                           ;	Write Protection Block 3
  1175                           ;	WRT7 = OFF, Block 7 (01C000-01FFFFh) not write-protected
  1176  300006                     	org	3145734
  1177  300006  FF                 	db	255
  1178                           
  1179                           ;Config register CONFIG4H @ 0x300007
  1180                           ;	Configuration Register Write Protection bit
  1181                           ;	WRTC = OFF, Configuration registers (300000-30000Bh) not write-protected
  1182                           ;	Boot Block Write Protection bit
  1183                           ;	WRTB = OFF, Boot Block (000000-0007FFh) not write-protected
  1184                           ;	Data EEPROM Write Protection bit
  1185                           ;	WRTD = OFF, Data EEPROM not write-protected
  1186                           ;	Scanner Enable bit
  1187                           ;	SCANE = ON, Scanner module is available for use, SCANMD bit can control the module
  1188                           ;	Low Voltage Programming Enable bit
  1189                           ;	LVP = ON, Low voltage programming enabled. MCLR/VPP pin function is MCLR. MCLRE config
      +                          uration bit is ignored
  1190  300007                     	org	3145735
  1191  300007  FF                 	db	255
  1192                           
  1193                           ;Config register CONFIG5L @ 0x300008
  1194                           ;	UserNVM Program Memory Code Protection bit
  1195                           ;	CP = OFF, UserNVM code protection disabled
  1196                           ;	DataNVM Memory Code Protection bit
  1197                           ;	CPD = OFF, DataNVM code protection disabled
  1198  300008                     	org	3145736
  1199  300008  FF                 	db	255
  1200                           
  1201                           ;Config register CONFIG5H @ 0x300009
  1202                           ;	unspecified, using default values
  1203  300009                     	org	3145737
  1204  300009  FF                 	db	255
  1205                           
  1206                           ;Config register CONFIG6L @ 0x30000A
  1207                           ;	Table Read Protection Block 0
  1208                           ;	EBTR0 = OFF, Block 0 (000800-003FFFh) not protected from table reads executed in other
      +                           blocks
  1209                           ;	Table Read Protection Block 1
  1210                           ;	EBTR1 = OFF, Block 1 (004000-007FFFh) not protected from table reads executed in other
      +                           blocks
  1211                           ;	Table Read Protection Block 2
  1212                           ;	EBTR2 = OFF, Block 2 (008000-00BFFFh) not protected from table reads executed in other
      +                           blocks
  1213                           ;	Table Read Protection Block 3
  1214                           ;	EBTR3 = OFF, Block 3 (00C000-00FFFFh) not protected from table reads executed in other
      +                           blocks
  1215                           ;	Table Read Protection Block 4
  1216                           ;	EBTR4 = OFF, Block 4 (010000-013FFFh) not protected from table reads executed in other
      +                           blocks
  1217                           ;	Table Read Protection Block 5
  1218                           ;	EBTR5 = OFF, Block 5 (014000-017FFFh) not protected from table reads executed in other
      +                           blocks
  1219                           ;	Table Read Protection Block 6
  1220                           ;	EBTR6 = OFF, Block 6 (018000-01BFFFh) not protected from table reads executed in other
      +                           blocks
  1221                           ;	Table Read Protection Block 7
  1222                           ;	EBTR7 = OFF, Block 7 (01C000-01FFFFh) not protected from table reads executed in other
      +                           blocks
  1223  30000A                     	org	3145738
  1224  30000A  FF                 	db	255
  1225                           
  1226                           ;Config register CONFIG6H @ 0x30000B
  1227                           ;	Boot Block Table Read Protection bit
  1228                           ;	EBTRB = OFF, Boot Block (000000-0007FFh) not protected from table reads executed in ot
      +                          her blocks
  1229  30000B                     	org	3145739
  1230  30000B  FF                 	db	255
  1231                           tosu	equ	0xFFF
  1232                           tosh	equ	0xFFE
  1233                           tosl	equ	0xFFD
  1234                           stkptr	equ	0xFFC
  1235                           pclatu	equ	0xFFB
  1236                           pclath	equ	0xFFA
  1237                           pcl	equ	0xFF9
  1238                           tblptru	equ	0xFF8
  1239                           tblptrh	equ	0xFF7
  1240                           tblptrl	equ	0xFF6
  1241                           tablat	equ	0xFF5
  1242                           prodh	equ	0xFF4
  1243                           prodl	equ	0xFF3
  1244                           indf0	equ	0xFEF
  1245                           postinc0	equ	0xFEE
  1246                           postdec0	equ	0xFED
  1247                           preinc0	equ	0xFEC
  1248                           plusw0	equ	0xFEB
  1249                           fsr0h	equ	0xFEA
  1250                           fsr0l	equ	0xFE9
  1251                           wreg	equ	0xFE8
  1252                           indf1	equ	0xFE7
  1253                           postinc1	equ	0xFE6
  1254                           postdec1	equ	0xFE5
  1255                           preinc1	equ	0xFE4
  1256                           plusw1	equ	0xFE3
  1257                           fsr1h	equ	0xFE2
  1258                           fsr1l	equ	0xFE1
  1259                           bsr	equ	0xFE0
  1260                           indf2	equ	0xFDF
  1261                           postinc2	equ	0xFDE
  1262                           postdec2	equ	0xFDD
  1263                           preinc2	equ	0xFDC
  1264                           plusw2	equ	0xFDB
  1265                           fsr2h	equ	0xFDA
  1266                           fsr2l	equ	0xFD9
  1267                           status	equ	0xFD8

Data Sizes:
    Strings     1
    Constant    64
    Data        4
    BSS         150
    Persistent  0
    Stack       0

Auto Spaces:
    Space          Size  Autos    Used
    COMRAM           95      1      89
    BANK0           160      0      66
    BANK1           256      0       0
    BANK2           256      0       0
    BANK3           256      0       0
    BANK4           256      0       0
    BANK5           256      0       0
    BANK6           256      0       0
    BANK7           256      0       0
    BANK8           256      0       0
    BANK9           256      0       0
    BANK10          256      0       0
    BANK11          256      0       0
    BANK12          256      0       0
    BANK13          234      0       0

Pointer List with Targets:

    ?___localtime_r.__tm_zone	PTR const unsigned char  size(2) Largest target is 0

    ?_localtime.__tm_zone	PTR const unsigned char  size(2) Largest target is 0

    __tm_to_secs@tm.__tm_zone	PTR const unsigned char  size(2) Largest target is 0

    mktime@tm.__tm_zone	PTR const unsigned char  size(2) Largest target is 0

    new.__tm_zone	PTR const unsigned char  size(2) Largest target is 0

    sp____tm_to_tzname	PTR const unsigned char  size(2) Largest target is 1
		 -> STR_1(CODE[1]), 

    abbrevs_end	PTR const unsigned char  size(2) Largest target is 0
		 -> NULL(NULL[0]), 

    __tm_to_tzname@tm.__tm_zone	PTR const unsigned char  size(2) Largest target is 0

    abbrevs	PTR const unsigned char  size(2) Largest target is 0
		 -> NULL(NULL[0]), 

    types	PTR const unsigned char  size(2) Largest target is 0
		 -> NULL(NULL[0]), 

    index	PTR const unsigned char  size(2) Largest target is 0
		 -> NULL(NULL[0]), 

    zi	PTR const unsigned char  size(2) Largest target is 0
		 -> NULL(NULL[0]), 

    trans	PTR const unsigned char  size(2) Largest target is 0
		 -> NULL(NULL[0]), 

    old_tz	PTR unsigned char  size(2) Largest target is 32
		 -> old_tz_buf(BANK0[32]), 

    __tzname	PTR unsigned char [2] size(2) Largest target is 7
		 -> dst_name(COMRAM[7]), std_name(COMRAM[7]), NULL(NULL[0]), 

    __secs_to_tm@tm.__tm_zone	PTR const unsigned char  size(2) Largest target is 0

    sp____localtime_r.__tm_zone	PTR const unsigned char  size(2) Largest target is 0

    __localtime_r@tm.__tm_zone	PTR const unsigned char  size(2) Largest target is 0

    sp__localtime.__tm_zone	PTR const unsigned char  size(2) Largest target is 0

    sp____localtime_r	PTR struct tm size(2) Largest target is 25
		 -> NULL(NULL[0]), localtime@tm(BANK0[24]), 

    F191.__tm_zone	PTR const unsigned char  size(2) Largest target is 0

    tm_t.__tm_zone	PTR const unsigned char  size(2) Largest target is 0

    tm_t.__tm_zone	PTR const unsigned char  size(2) Largest target is 0

    tm_t.__tm_zone	PTR const unsigned char  size(2) Largest target is 0

    S280tm$__tm_zone	PTR const unsigned char  size(2) Largest target is 0

    rtc6_SetTime@tm_t.__tm_zone	PTR const unsigned char  size(2) Largest target is 0

    sp__localtime	PTR struct tm size(2) Largest target is 25
		 -> NULL(NULL[0]), localtime@tm(BANK0[24]), 

    sp__memset	PTR void  size(2) Largest target is 25
		 -> NULL(NULL[0]), localtime@tm(BANK0[24]), rtc6_GetTime@tm_t(COMRAM[24]), 


Critical Paths under _main in COMRAM

    None.

Critical Paths under _main in BANK0

    None.

Critical Paths under _main in BANK1

    None.

Critical Paths under _main in BANK2

    None.

Critical Paths under _main in BANK3

    None.

Critical Paths under _main in BANK4

    None.

Critical Paths under _main in BANK5

    None.

Critical Paths under _main in BANK6

    None.

Critical Paths under _main in BANK7

    None.

Critical Paths under _main in BANK8

    None.

Critical Paths under _main in BANK9

    None.

Critical Paths under _main in BANK10

    None.

Critical Paths under _main in BANK11

    None.

Critical Paths under _main in BANK12

    None.

Critical Paths under _main in BANK13

    None.

Call Graph Tables:

 ---------------------------------------------------------------------------------
 (Depth) Function   	        Calls       Base Space   Used Autos Params    Refs
 ---------------------------------------------------------------------------------
 (0) _main                                                 1     1      0       0
                                              0 COMRAM     1     1      0
                  _SYSTEM_Initialize
            _TMR0_HasOverflowOccured
                    _TMR0_StartTimer
                     _TMR0_StopTimer
 ---------------------------------------------------------------------------------
 (1) _TMR0_StopTimer                                       0     0      0       0
 ---------------------------------------------------------------------------------
 (1) _TMR0_StartTimer                                      0     0      0       0
 ---------------------------------------------------------------------------------
 (1) _TMR0_HasOverflowOccured                              0     0      0       0
 ---------------------------------------------------------------------------------
 (1) _SYSTEM_Initialize                                    0     0      0       0
              _OSCILLATOR_Initialize
             _PIN_MANAGER_Initialize
                     _PMD_Initialize
                    _TMR0_Initialize
 ---------------------------------------------------------------------------------
 (2) _TMR0_Initialize                                      0     0      0       0
 ---------------------------------------------------------------------------------
 (2) _PMD_Initialize                                       0     0      0       0
 ---------------------------------------------------------------------------------
 (2) _PIN_MANAGER_Initialize                               0     0      0       0
 ---------------------------------------------------------------------------------
 (2) _OSCILLATOR_Initialize                                0     0      0       0
 ---------------------------------------------------------------------------------
 Estimated maximum stack depth 2
 ---------------------------------------------------------------------------------

 Call Graph Graphs:

 _main (ROOT)
   _SYSTEM_Initialize
     _OSCILLATOR_Initialize
     _PIN_MANAGER_Initialize
     _PMD_Initialize
     _TMR0_Initialize
   _TMR0_HasOverflowOccured
   _TMR0_StartTimer
   _TMR0_StopTimer

 Address spaces:
Name               Size   Autos  Total    Cost      Usage
BIGRAM             DE9      0       0      33        0.0%
EEDATA             400      0       0       0        0.0%
BITBANK12          100      0       0      29        0.0%
BANK12             100      0       0      30        0.0%
BITBANK11          100      0       0      27        0.0%
BANK11             100      0       0      28        0.0%
BITBANK10          100      0       0      25        0.0%
BANK10             100      0       0      26        0.0%
BITBANK9           100      0       0      23        0.0%
BANK9              100      0       0      24        0.0%
BITBANK8           100      0       0      21        0.0%
BANK8              100      0       0      22        0.0%
BITBANK7           100      0       0      19        0.0%
BANK7              100      0       0      20        0.0%
BITBANK6           100      0       0      17        0.0%
BANK6              100      0       0      18        0.0%
BITBANK5           100      0       0      15        0.0%
BANK5              100      0       0      16        0.0%
BITBANK4           100      0       0      13        0.0%
BANK4              100      0       0      14        0.0%
BITBANK3           100      0       0      11        0.0%
BANK3              100      0       0      12        0.0%
BITBANK2           100      0       0       9        0.0%
BANK2              100      0       0      10        0.0%
BITBANK1           100      0       0       6        0.0%
BANK1              100      0       0       7        0.0%
BITBANK13           EA      0       0      31        0.0%
BANK13              EA      0       0      32        0.0%
BITBANK0            A0      0       0       4        0.0%
BANK0               A0      0      42       5       41.2%
BITCOMRAM           5F      0       0       0        0.0%
COMRAM              5F      1      59       1       93.7%
BITSFR_3             0      0       0     200        0.0%
SFR_3                0      0       0     200        0.0%
BITSFR_2             0      0       0     200        0.0%
SFR_2                0      0       0     200        0.0%
BITSFR_1             0      0       0     200        0.0%
SFR_1                0      0       0     200        0.0%
BITSFR               0      0       0     200        0.0%
SFR                  0      0       0     200        0.0%
STACK                0      0       0       2        0.0%
NULL                 0      0       0       0        0.0%
ABS                  0      0      9B       8        0.0%
DATA                 0      0      9B       3        0.0%
CODE                 0      0       0       0        0.0%


Microchip Technology PIC18 Macro Assembler V2.31 build 20201012212115 
Symbol Table                                                                                   Sat Feb 27 14:04:34 2021

           __end_of_TMR0_HasOverflowOccured 0FCA                                          l33 0FF0  
                                        l36 0FB2                                          l39 0F9A  
                                        u10 0FC6                                          u11 0FC0  
                                        u20 0F10                                          u21 0F0C  
                                        u30 0F28                                          u31 0F22  
                                        u16 0FC8                                          u36 0F2A  
                                        _r0 003D                                          _r1 0098  
                                        _zi 0035                                         l211 0FC8  
                                       l152 0EF2                                         l193 0FDE  
                                       l196 0FFC                                         l199 0FF8  
                   __size_of_PMD_Initialize 001C                                         wreg 000FE8  
                                      l1301 0E68                                        l1311 0E84  
                                      l1303 0E6E                                        l1321 0ED2  
                                      l1313 0E86                                        l1305 0E74  
                                      l1331 0EDC                                        l1323 0ED4  
                                      l1315 0ECC                                        l1307 0E80  
                                      l1341 0EE6                                        l1333 0EDE  
                                      l1325 0ED6                                        l1317 0ECE  
                                      l1309 0E82                                        l1343 0EE8  
                                      l1335 0EE0                                        l1327 0ED8  
                                      l1319 0ED0                                        l1351 0FD6  
                                      l1345 0EEA                                        l1337 0EE2  
                                      l1329 0EDA                                        l1353 0FE0  
                                      l1361 0FF6                                        l1347 0F9C  
                                      l1339 0EE4                                        l1355 0FFA  
                                      l1293 0F80                                        l1349 0FCA  
                                      l1357 0FB4                                        l1381 0F10  
                                      l1295 0E44                                        l1383 0F14  
                                      l1375 0EF4                                        l1297 0E64  
                                      l1385 0F18                                        l1377 0EF8  
                                      l1299 0E66                                        l1379 0EFC  
                                      STR_1 0E41                                        _LATA 000F79  
                                      _LATB 000F7A                                        _LATC 000F7B  
                                      _LATD 000F7C                                        _LATE 000F7D  
                                      _LATF 000F7E                                        _LATG 000F7F  
                                      _LATH 000F80                                        _PMD0 000E4C  
                                      _PMD1 000E4D                                        _PMD2 000E4E  
                                      _PMD3 000E4F                                        _PMD4 000E50  
                                      _PMD5 000E51                                        _WPUA 000E91  
                                      _WPUB 000E99                                        _WPUC 000EA1  
                                      _WPUD 000EA6                                        _WPUE 000EAE  
                                      _WPUF 000EB3                                        _WPUG 000EBB  
                                      _WPUH 000EC0                                        _main 0EF4  
                                      _lock 0015                             _TMR0_StartTimer 0FFA  
                                      fsr1l 000FE1                                        start 0000  
                              ___param_bank 000000                     __end_of_TMR0_Initialize 0FE0  
            __size_of_OSCILLATOR_Initialize 0018               __end_of_OSCILLATOR_Initialize 0FB4  
                                     ?_main 0059                                       _OSCEN 000E47  
                                     _TMR0H 000FD4                                       _TMR0L 000FD3  
                                     _TRISA 000F81                                       _TRISB 000F82  
                                     _TRISC 000F83                                       _TRISD 000F84  
                                     _TRISE 000F85                                       _TRISF 000F86  
                                     _TRISG 000F87                                       _TRISH 000F88  
                                     ___gmt 0E3D                                       _index 0031  
                                     _errno 003B                                       _trans 0033  
                                     _types 002F                                       tablat 000FF5  
                                     status 000FD8                             __initialization 0F42  
                              __end_of_main 0F42                                      ??_main 0059  
                             __activetblptr 000003                     __end_of_TMR0_StartTimer 0FFE  
                                    _ANSELA 000E92                                      _ANSELB 000E9A  
                                    _ANSELD 000EA7                                      _ANSELE 000EAF  
                                    _ANSELF 000EB4                                      _ANSELG 000EBC  
                                    _T0CON0 000FD5                                      _T0CON1 000FD6  
                                    _ODCONA 000E90                                      _ODCONB 000E98  
                                    _ODCONC 000EA0                                      _ODCOND 000EA5  
                                    _ODCONE 000EAD                                      _ODCONF 000EB2  
                                    _ODCONG 000EBA                                      _ODCONH 000EBF  
                                    _INLVLA 000E8E                                      _INLVLB 000E96  
                                    _INLVLC 000E9E                                      _INLVLD 000EA3  
                                    _INLVLE 000EAB                                      _INLVLF 000EB0  
                                    _INLVLG 000EB8                                      _INLVLH 000EBD  
                                    _OSCFRQ 000E49            __size_of_TMR0_HasOverflowOccured 0016  
                          ?_TMR0_Initialize 0059                                      clear_0 0F68  
                                    clear_1 0F74                                      _old_tz 0057  
                                    _tzname 000F                              _PMD_Initialize 0F80  
                              __pdataCOMRAM 0055                                __mediumconst 0000  
                                    tblptrh 000FF7                                      tblptrl 000FF6  
                                    tblptru 000FF8                                 localtime@tm 0080  
                         _SYSTEM_Initialize 0FE0                                  ___daylight 0039  
                                __accesstop 0060                     __end_of__initialization 0F7A  
                        ?_SYSTEM_Initialize 0059                               ___rparam_used 000001  
                            __pcstackCOMRAM 0059                               __end_of___gmt 0E41  
                       ??_SYSTEM_Initialize 0059                      __end_of_PMD_Initialize 0F9C  
                                ___timezone 0025                            ?_TMR0_StartTimer 0059  
                 __end_of_SYSTEM_Initialize 0FF2                                  __pbssBANK0 0060  
                   __size_of_TMR0_StopTimer 0004                             ?_PMD_Initialize 0059  
                                   _OSCCON1 000E43                                     _OSCCON3 000E45  
                                   _OSCTUNE 000E48                                     _SLRCONA 000E8F  
                                   _SLRCONB 000E97                                     _SLRCONC 000E9F  
                                   _SLRCOND 000EA4                                     _SLRCONE 000EAC  
                                   _SLRCONF 000EB1                                     _SLRCONG 000EB9  
                                   _SLRCONH 000EBE                     _TMR0_HasOverflowOccured 0FB4  
                                   __Hparam 0000                                     __Lparam 0000  
                                   _abbrevs 002D                                __psmallconst 0E00  
                                   __pcinit 0F42                                     __ramtop 0E00  
                                   __ptext0 0EF4                                     __ptext1 0FF6  
                                   __ptext2 0FFA                                     __ptext3 0FB4  
                                   __ptext4 0FE0                                     __ptext5 0FCA  
                                   __ptext6 0F80                                     __ptext7 0E44  
                                   __ptext8 0F9C                                     _dst_off 0019  
                     _OSCILLATOR_Initialize 0F9C                    ??_PIN_MANAGER_Initialize 0059  
                                _old_tz_buf 0060                  __size_of_SYSTEM_Initialize 0012  
                      end_of_initialization 0F7A                                     postdec1 000FE5  
                                   postinc0 000FEE                   ??_TMR0_HasOverflowOccured 0059  
                            _TMR0_StopTimer 0FF6                               __pidataCOMRAM 0FF2  
                    ?_OSCILLATOR_Initialize 0059  __end_of___month_to_secs@secs_through_month 0E31  
        ___month_to_secs@secs_through_month 0E01                         start_initialization 0F42  
                  __size_of_TMR0_Initialize 0016             __size_of_PIN_MANAGER_Initialize 00B0  
                               _abbrevs_end 002B                      __end_of_TMR0_StopTimer 0FFA  
                          ??_PMD_Initialize 0059                                 __pbssCOMRAM 0001  
                  __size_of_TMR0_StartTimer 0004                             ?_TMR0_StopTimer 0059  
                    _PIN_MANAGER_Initialize 0E44                                 __smallconst 0E00  
                                  _T0CKIPPS 000DF4                           ??_TMR0_Initialize 0059  
                                  _LATDbits 000F7C                                    _PIR0bits 000E33  
        __end_of___secs_to_tm@days_in_month 0E3D                  ___secs_to_tm@days_in_month 0E31  
                                 copy_data0 0F56                                    __Hrparam 0000  
                                  __Lrparam 0000                     ??_OSCILLATOR_Initialize 0059  
                         ??_TMR0_StartTimer 0059                                    ___tzname 0021  
                                _T0CON0bits 000FD5                                    _dateTime 0001  
                                  _daylight 0037                                    _map_size 0029  
                                  _dst_name 0047                               __size_of_main 004E  
                                  _timezone 001D                                    _std_name 004E  
                               _old_tz_size 0055                    ?_TMR0_HasOverflowOccured 0059  
                          ??_TMR0_StopTimer 0059                     ?_PIN_MANAGER_Initialize 0059  
                           _TMR0_Initialize 0FCA              __end_of_PIN_MANAGER_Initialize 0EF4  
